2021-07-04 20:47:04 0 [Note] InnoDB: Mutexes and rw_locks use Windows interlocked functions
2021-07-04 20:47:04 0 [Note] InnoDB: Uses event mutexes
2021-07-04 20:47:04 0 [Note] InnoDB: Compressed tables use zlib 1.2.11
2021-07-04 20:47:04 0 [Note] InnoDB: Number of pools: 1
2021-07-04 20:47:04 0 [Note] InnoDB: Using SSE2 crc32 instructions
2021-07-04 20:47:04 0 [Note] InnoDB: Initializing buffer pool, total size = 16M, instances = 1, chunk size = 16M
2021-07-04 20:47:04 0 [Note] InnoDB: Completed initialization of buffer pool
2021-07-04 20:47:04 0 [Note] InnoDB: Starting crash recovery from checkpoint LSN=300288
2021-07-04 20:47:05 0 [Note] InnoDB: 128 out of 128 rollback segments are active.
2021-07-04 20:47:05 0 [Note] InnoDB: Removed temporary tablespace data file: "ibtmp1"
2021-07-04 20:47:05 0 [Note] InnoDB: Creating shared tablespace for temporary tables
2021-07-04 20:47:05 0 [Note] InnoDB: Setting file 'E:\xampp\mysql\data\ibtmp1' size to 12 MB. Physically writing the file full; Please wait ...
2021-07-04 20:47:05 0 [Note] InnoDB: File 'E:\xampp\mysql\data\ibtmp1' size is now 12 MB.
2021-07-04 20:47:05 0 [Note] InnoDB: Waiting for purge to start
2021-07-04 20:47:05 0 [Note] InnoDB: 10.4.19 started; log sequence number 300297; transaction id 170
2021-07-04 20:47:05 0 [Note] InnoDB: Loading buffer pool(s) from E:\xampp\mysql\data\ib_buffer_pool
2021-07-04 20:47:05 0 [Note] Plugin 'FEEDBACK' is disabled.
2021-07-04 20:47:06 0 [Note] InnoDB: Buffer pool(s) load completed at 210704 20:47:06
2021-07-04 20:47:06 0 [Note] Server socket created on IP: '::'.
InnoDB: using atomic writes.
2021-07-05 14:00:00 0 [Note] InnoDB: Mutexes and rw_locks use Windows interlocked functions
2021-07-05 14:00:00 0 [Note] InnoDB: Uses event mutexes
2021-07-05 14:00:00 0 [Note] InnoDB: Compressed tables use zlib 1.2.11
2021-07-05 14:00:00 0 [Note] InnoDB: Number of pools: 1
2021-07-05 14:00:00 0 [Note] InnoDB: Using SSE2 crc32 instructions
2021-07-05 14:00:00 0 [Note] InnoDB: Initializing buffer pool, total size = 16M, instances = 1, chunk size = 16M
2021-07-05 14:00:00 0 [Note] InnoDB: Completed initialization of buffer pool
2021-07-05 14:00:00 0 [Note] InnoDB: Starting crash recovery from checkpoint LSN=300288
2021-07-05 14:00:01 0 [Note] InnoDB: 128 out of 128 rollback segments are active.
2021-07-05 14:00:01 0 [Note] InnoDB: Removed temporary tablespace data file: "ibtmp1"
2021-07-05 14:00:01 0 [Note] InnoDB: Creating shared tablespace for temporary tables
2021-07-05 14:00:01 0 [Note] InnoDB: Setting file '\xampp\htdocs\travelmobile\database\data\ibtmp1' size to 12 MB. Physically writing the file full; Please wait ...
2021-07-05 14:00:01 0 [Note] InnoDB: File '\xampp\htdocs\travelmobile\database\data\ibtmp1' size is now 12 MB.
2021-07-05 14:00:01 0 [Note] InnoDB: Waiting for purge to start
2021-07-05 14:00:01 0 [Note] InnoDB: 10.4.18 started; log sequence number 300297; transaction id 170
2021-07-05 14:00:01 0 [Note] InnoDB: Loading buffer pool(s) from D:\xampp\htdocs\travelmobile\database\data\ib_buffer_pool
2021-07-05 14:00:01 0 [Note] Plugin 'FEEDBACK' is disabled.
2021-07-05 14:00:01 0 [Note] InnoDB: Buffer pool(s) load completed at 210705 14:00:01
2021-07-05 14:00:01 0 [Note] Server socket created on IP: '::'.
InnoDB: using atomic writes.
2021-07-05 14:07:03 0 [Note] InnoDB: Mutexes and rw_locks use Windows interlocked functions
2021-07-05 14:07:03 0 [Note] InnoDB: Uses event mutexes
2021-07-05 14:07:03 0 [Note] InnoDB: Compressed tables use zlib 1.2.11
2021-07-05 14:07:03 0 [Note] InnoDB: Number of pools: 1
2021-07-05 14:07:03 0 [Note] InnoDB: Using SSE2 crc32 instructions
2021-07-05 14:07:03 0 [Note] InnoDB: Initializing buffer pool, total size = 16M, instances = 1, chunk size = 16M
2021-07-05 14:07:03 0 [Note] InnoDB: Completed initialization of buffer pool
2021-07-05 14:07:03 0 [Note] InnoDB: Starting crash recovery from checkpoint LSN=1257415
2021-07-05 14:07:03 0 [Note] InnoDB: 128 out of 128 rollback segments are active.
2021-07-05 14:07:03 0 [Note] InnoDB: Removed temporary tablespace data file: "ibtmp1"
2021-07-05 14:07:03 0 [Note] InnoDB: Creating shared tablespace for temporary tables
2021-07-05 14:07:03 0 [Note] InnoDB: Setting file '\xampp\htdocs\travelmobile\database\data\ibtmp1' size to 12 MB. Physically writing the file full; Please wait ...
2021-07-05 14:07:03 0 [Note] InnoDB: File '\xampp\htdocs\travelmobile\database\data\ibtmp1' size is now 12 MB.
2021-07-05 14:07:03 0 [Note] InnoDB: Waiting for purge to start
2021-07-05 14:07:03 0 [Note] InnoDB: 10.4.18 started; log sequence number 1257424; transaction id 170
2021-07-05 14:07:03 0 [Note] InnoDB: Loading buffer pool(s) from D:\xampp\htdocs\travelmobile\database\data\ib_buffer_pool
2021-07-05 14:07:03 0 [Note] Plugin 'FEEDBACK' is disabled.
2021-07-05 14:07:03 0 [Note] Server socket created on IP: '::'.
InnoDB: using atomic writes.
2021-07-05 14:07:58 0 [Note] InnoDB: Mutexes and rw_locks use Windows interlocked functions
2021-07-05 14:07:58 0 [Note] InnoDB: Uses event mutexes
2021-07-05 14:07:58 0 [Note] InnoDB: Compressed tables use zlib 1.2.11
2021-07-05 14:07:58 0 [Note] InnoDB: Number of pools: 1
2021-07-05 14:07:58 0 [Note] InnoDB: Using SSE2 crc32 instructions
2021-07-05 14:07:58 0 [Note] InnoDB: Initializing buffer pool, total size = 16M, instances = 1, chunk size = 16M
2021-07-05 14:07:58 0 [Note] InnoDB: Completed initialization of buffer pool
2021-07-05 14:07:58 0 [Note] InnoDB: Starting crash recovery from checkpoint LSN=1257763
2021-07-05 14:07:58 0 [Note] InnoDB: 128 out of 128 rollback segments are active.
2021-07-05 14:07:58 0 [Note] InnoDB: Removed temporary tablespace data file: "ibtmp1"
2021-07-05 14:07:58 0 [Note] InnoDB: Creating shared tablespace for temporary tables
2021-07-05 14:07:58 0 [Note] InnoDB: Setting file '\xampp\htdocs\travelmobile\database\data\ibtmp1' size to 12 MB. Physically writing the file full; Please wait ...
2021-07-05 14:07:58 0 [Note] InnoDB: File '\xampp\htdocs\travelmobile\database\data\ibtmp1' size is now 12 MB.
2021-07-05 14:07:58 0 [Note] InnoDB: Waiting for purge to start
2021-07-05 14:07:58 0 [Note] InnoDB: 10.4.18 started; log sequence number 1257772; transaction id 795
2021-07-05 14:07:58 0 [Note] InnoDB: Loading buffer pool(s) from D:\xampp\htdocs\travelmobile\database\data\ib_buffer_pool
2021-07-05 14:07:58 0 [Note] Plugin 'FEEDBACK' is disabled.
2021-07-05 14:07:58 0 [Note] Server socket created on IP: '::'.
InnoDB: using atomic writes.
2021-07-05 16:45:06 0 [Note] InnoDB: Mutexes and rw_locks use Windows interlocked functions
2021-07-05 16:45:06 0 [Note] InnoDB: Uses event mutexes
2021-07-05 16:45:06 0 [Note] InnoDB: Compressed tables use zlib 1.2.11
2021-07-05 16:45:06 0 [Note] InnoDB: Number of pools: 1
2021-07-05 16:45:06 0 [Note] InnoDB: Using SSE2 crc32 instructions
2021-07-05 16:45:06 0 [Note] InnoDB: Initializing buffer pool, total size = 16M, instances = 1, chunk size = 16M
2021-07-05 16:45:06 0 [Note] InnoDB: Completed initialization of buffer pool
2021-07-05 16:45:06 0 [Note] InnoDB: Starting crash recovery from checkpoint LSN=1259037
2021-07-05 16:45:07 0 [Note] InnoDB: 128 out of 128 rollback segments are active.
2021-07-05 16:45:07 0 [Note] InnoDB: Removed temporary tablespace data file: "ibtmp1"
2021-07-05 16:45:07 0 [Note] InnoDB: Creating shared tablespace for temporary tables
2021-07-05 16:45:07 0 [Note] InnoDB: Setting file '\xampp\htdocs\travelmobile\database\data\ibtmp1' size to 12 MB. Physically writing the file full; Please wait ...
2021-07-05 16:45:07 0 [Note] InnoDB: File '\xampp\htdocs\travelmobile\database\data\ibtmp1' size is now 12 MB.
2021-07-05 16:45:07 0 [Note] InnoDB: Waiting for purge to start
2021-07-05 16:45:07 0 [Note] InnoDB: 10.4.18 started; log sequence number 1259046; transaction id 811
2021-07-05 16:45:07 0 [Note] InnoDB: Loading buffer pool(s) from D:\xampp\htdocs\travelmobile\database\data\ib_buffer_pool
2021-07-05 16:45:07 0 [Note] Plugin 'FEEDBACK' is disabled.
2021-07-05 16:45:07 0 [Note] InnoDB: Buffer pool(s) load completed at 210705 16:45:07
2021-07-05 16:45:07 0 [Note] Server socket created on IP: '::'.
InnoDB: using atomic writes.
2021-07-05 17:11:59 0 [Note] InnoDB: Mutexes and rw_locks use Windows interlocked functions
2021-07-05 17:11:59 0 [Note] InnoDB: Uses event mutexes
2021-07-05 17:11:59 0 [Note] InnoDB: Compressed tables use zlib 1.2.11
2021-07-05 17:11:59 0 [Note] InnoDB: Number of pools: 1
2021-07-05 17:11:59 0 [Note] InnoDB: Using SSE2 crc32 instructions
2021-07-05 17:11:59 0 [Note] InnoDB: Initializing buffer pool, total size = 16M, instances = 1, chunk size = 16M
2021-07-05 17:11:59 0 [Note] InnoDB: Completed initialization of buffer pool
2021-07-05 17:11:59 0 [Note] InnoDB: Starting crash recovery from checkpoint LSN=1266205
2021-07-05 17:11:59 0 [Note] InnoDB: 128 out of 128 rollback segments are active.
2021-07-05 17:11:59 0 [Note] InnoDB: Removed temporary tablespace data file: "ibtmp1"
2021-07-05 17:11:59 0 [Note] InnoDB: Creating shared tablespace for temporary tables
2021-07-05 17:11:59 0 [Note] InnoDB: Setting file '\xampp\htdocs\travelmobile\database\data\ibtmp1' size to 12 MB. Physically writing the file full; Please wait ...
2021-07-05 17:11:59 0 [Note] InnoDB: File '\xampp\htdocs\travelmobile\database\data\ibtmp1' size is now 12 MB.
2021-07-05 17:11:59 0 [Note] InnoDB: Waiting for purge to start
2021-07-05 17:11:59 0 [Note] InnoDB: 10.4.18 started; log sequence number 1266214; transaction id 859
2021-07-05 17:11:59 0 [Note] InnoDB: Loading buffer pool(s) from D:\xampp\htdocs\travelmobile\database\data\ib_buffer_pool
2021-07-05 17:11:59 0 [Note] Plugin 'FEEDBACK' is disabled.
2021-07-05 17:11:59 0 [Note] Server socket created on IP: '::'.
